~/projects/zero2hero-token main* ❯ npx truffle migrate --network rinkeby --reset                                                                                                                           03:35:06 pm

Compiling your contracts...
===========================
> Everything is up to date, there is nothing to compile.


Migrations dry-run (simulation)
===============================
> Network name:    'rinkeby-fork'
> Network id:      4
> Block gas limit: 29970705 (0x1c95111)


1_initial_migration.js
======================

   Replacing 'Migrations'
   ----------------------
   > block number:        11017815
   > block timestamp:     1657725565
   > account:             0x1069dDE6b0fdF9b17b69759f77D5d964C4791638
   > balance:             0.685243834066936442
   > gas used:            250154 (0x3d12a)
   > gas price:           2.500000007 gwei
   > value sent:          0 ETH
   > total cost:          0.000625385001751078 ETH

   -------------------------------------
   > Total cost:     0.000625385001751078 ETH


2_deploy_contract.js
====================

   Replacing 'Zero2HeroToken'
   --------------------------
   > block number:        11017817
   > block timestamp:     1657725566
   > account:             0x1069dDE6b0fdF9b17b69759f77D5d964C4791638
   > balance:             0.677372836544897649
   > gas used:            3102486 (0x2f5716)
   > gas price:           2.500000007 gwei
   > value sent:          0 ETH
   > total cost:          0.007756215021717402 ETH


   Deploying 'ERC1967Proxy'
   ------------------------
   > block number:        11017818
   > block timestamp:     1657725567
   > account:             0x1069dDE6b0fdF9b17b69759f77D5d964C4791638
   > balance:             0.676501011542456539
   > gas used:            348730 (0x5523a)
   > gas price:           2.500000007 gwei
   > value sent:          0 ETH
   > total cost:          0.00087182500244111 ETH

   -------------------------------------
   > Total cost:     0.008628040024158512 ETH

Summary
=======
> Total deployments:   3
> Final cost:          0.00925342502590959 ETH




Starting migrations...
======================
> Network name:    'rinkeby'
> Network id:      4
> Block gas limit: 29970705 (0x1c95111)


1_initial_migration.js
======================

   Replacing 'Migrations'
   ----------------------
   > transaction hash:    0x5ae2b7981e982225b95a87c899e47fdc1c97353908ffc40330325855d76b9af2
   > Blocks: 0            Seconds: 12
   > contract address:    0xaCd65b7964AE8cc2542752AB6b4671B2819b2afb
   > block number:        11017815
   > block timestamp:     1657725582
   > account:             0x1069dDE6b0fdF9b17b69759f77D5d964C4791638
   > balance:             0.685243834066686288
   > gas used:            250154 (0x3d12a)
   > gas price:           2.500000008 gwei
   > value sent:          0 ETH
   > total cost:          0.000625385002001232 ETH

   > Saving migration to chain.
   > Saving artifacts
   -------------------------------------
   > Total cost:     0.000625385002001232 ETH


2_deploy_contract.js
====================

   Deploying 'ERC1967Proxy'
   ------------------------
   > transaction hash:    0xab69903dcb8777f210b1925a6e65e6bf7d0fdd1a91286edda18278e30580e0b8
   > Blocks: 0            Seconds: 8
   > contract address:    0x4E2383D973957524fdfd4600076FF6BC72B4819b
   > block number:        11017817
   > block timestamp:     1657725612
   > account:             0x1069dDE6b0fdF9b17b69759f77D5d964C4791638
   > balance:             0.684257196563529048
   > gas used:            348742 (0x55246)
   > gas price:           2.500000008 gwei
   > value sent:          0 ETH
   > total cost:          0.000871855002789936 ETH

   > Saving migration to chain.
   > Saving artifacts
   -------------------------------------
   > Total cost:     0.000871855002789936 ETH

Summary
=======
> Total deployments:   2
> Final cost:          0.001497240004791168 ETH


~/projects/zero2hero-token main* ❯ truffle run verify Zero2HeroToken --network rinkeby                                                                                                                     04:23:31 pm
Verifying Zero2HeroToken
Verifying proxy implementation at 0xcad26e2ae545f9c8da6575ae91fba685f3ec9257
Contract source code already verified: https://rinkeby.etherscan.io/address/0x4E2383D973957524fdfd4600076FF6BC72B4819b#code
Successfully verified 1 contract(s).

logic contract: 0xcad26e2ae545f9c8da6575ae91fba685f3ec9257
proxy contract: 0x4E2383D973957524fdfd4600076FF6BC72B4819b

Safe-MultiSig: 0x7f5826a38D581F5206336Ae779D086e222Be8619
----> owner 1: 0x1069dDE6b0fdF9b17b69759f77D5d964C4791638
----> owner 2: 0xB2BD9E771fAeea89BC182651aFEB4414A91DD35f

timelock address: 0xb55f626deD080B1296594647b2EBaC281E0060b3

----> test account 4: 0xbcdBe285421981b6bB6bf537ffe1F86ac2366fd6 // test for timelock ownership 

ZERO-ADDRESS : 0x0000000000000000000000000000000000000000

--- test 
will be transfered : 0x8D4b09CE0b19c3871314FD63763c63c01C4D8558
